  Menu.cpp
C:\Users\sebas\Downloads\Github - Grupal\Github - Grupal\Menu\Menu\ListaDeAutores.h(108,9): warning C4551: la llamada a la función no tiene lista de argumentos
  (compilando archivo de origen "/Menu.cpp")
  
C:\Users\sebas\Downloads\Github - Grupal\Github - Grupal\Menu\Menu\utilidadesLogos.h(364,57): warning C4566: el carácter representado por el nombre de carácter universal '\u2800' no se puede representar en la página de códigos actual (1252)
  (compilando archivo de origen "/Menu.cpp")
  
C:\Users\sebas\Downloads\Github - Grupal\Github - Grupal\Menu\Menu\utilidadesLogos.h(364,57): warning C4566: el carácter representado por el nombre de carácter universal '\u2880' no se puede representar en la página de códigos actual (1252)
  (compilando archivo de origen "/Menu.cpp")
  
C:\Users\sebas\Downloads\Github - Grupal\Github - Grupal\Menu\Menu\utilidadesLogos.h(364,57): warning C4566: el carácter representado por el nombre de carácter universal '\u28E4' no se puede representar en la página de códigos actual (1252)
  (compilando archivo de origen "/Menu.cpp")
  
C:\Users\sebas\Downloads\Github - Grupal\Github - Grupal\Menu\Menu\utilidadesLogos.h(364,57): warning C4566: el carácter representado por el nombre de carácter universal '\u2816' no se puede representar en la página de códigos actual (1252)
  (compilando archivo de origen "/Menu.cpp")
  
C:\Users\sebas\Downloads\Github - Grupal\Github - Grupal\Menu\Menu\utilidadesLogos.h(364,57): warning C4566: el carácter representado por el nombre de carácter universal '\u2802' no se puede representar en la página de códigos actual (1252)
  (compilando archivo de origen "/Menu.cpp")
  
C:\Users\sebas\Downloads\Github - Grupal\Github - Grupal\Menu\Menu\utilidadesLogos.h(364,57): warning C4566: el carácter representado por el nombre de carácter universal '\u2809' no se puede representar en la página de códigos actual (1252)
  (compilando archivo de origen "/Menu.cpp")
  
C:\Users\sebas\Downloads\Github - Grupal\Github - Grupal\Menu\Menu\utilidadesLogos.h(364,57): warning C4566: el carácter representado por el nombre de carácter universal '\u2812' no se puede representar en la página de códigos actual (1252)
  (compilando archivo de origen "/Menu.cpp")
  
C:\Users\sebas\Downloads\Github - Grupal\Github - Grupal\Menu\Menu\utilidadesLogos.h(364,57): warning C4566: el carácter representado por el nombre de carácter universal '\u2824' no se puede representar en la página de códigos actual (1252)
  (compilando archivo de origen "/Menu.cpp")
  
C:\Users\sebas\Downloads\Github - Grupal\Github - Grupal\Menu\Menu\utilidadesLogos.h(364,57): warning C4566: el carácter representado por el nombre de carácter universal '\u28C0' no se puede representar en la página de códigos actual (1252)
  (compilando archivo de origen "/Menu.cpp")
  
C:\Users\sebas\Downloads\Github - Grupal\Github - Grupal\Menu\Menu\utilidadesLogos.h(366,57): warning C4566: el carácter representado por el nombre de carácter universal '\u2800' no se puede representar en la página de códigos actual (1252)
  (compilando archivo de origen "/Menu.cpp")
  
C:\Users\sebas\Downloads\Github - Grupal\Github - Grupal\Menu\Menu\utilidadesLogos.h(366,57): warning C4566: el carácter representado por el nombre de carácter universal '\u2880' no se puede representar en la página de códigos actual (1252)
  (compilando archivo de origen "/Menu.cpp")
  
C:\Users\sebas\Downloads\Github - Grupal\Github - Grupal\Menu\Menu\utilidadesLogos.h(366,57): warning C4566: el carácter representado por el nombre de carácter universal '\u28F6' no se puede representar en la página de códigos actual (1252)
  (compilando archivo de origen "/Menu.cpp")
  
C:\Users\sebas\Downloads\Github - Grupal\Github - Grupal\Menu\Menu\utilidadesLogos.h(366,57): warning C4566: el carácter representado por el nombre de carácter universal '\u285F' no se puede representar en la página de códigos actual (1252)
  (compilando archivo de origen "/Menu.cpp")
  
C:\Users\sebas\Downloads\Github - Grupal\Github - Grupal\Menu\Menu\utilidadesLogos.h(366,57): warning C4566: el carácter representado por el nombre de carácter universal '\u28F4' no se puede representar en la página de códigos actual (1252)
  (compilando archivo de origen "/Menu.cpp")
  
C:\Users\sebas\Downloads\Github - Grupal\Github - Grupal\Menu\Menu\utilidadesLogos.h(366,57): warning C4566: el carácter representado por el nombre de carácter universal '\u28FF' no se puede representar en la página de códigos actual (1252)
  (compilando archivo de origen "/Menu.cpp")
  
C:\Users\sebas\Downloads\Github - Grupal\Github - Grupal\Menu\Menu\utilidadesLogos.h(366,57): warning C4566: el carácter representado por el nombre de carácter universal '\u28FE' no se puede representar en la página de códigos actual (1252)
  (compilando archivo de origen "/Menu.cpp")
  
C:\Users\sebas\Downloads\Github - Grupal\Github - Grupal\Menu\Menu\utilidadesLogos.h(366,57): warning C4566: el carácter representado por el nombre de carácter universal '\u28C4' no se puede representar en la página de códigos actual (1252)
  (compilando archivo de origen "/Menu.cpp")
  
C:\Users\sebas\Downloads\Github - Grupal\Github - Grupal\Menu\Menu\utilidadesLogos.h(366,57): warning C4566: el carácter representado por el nombre de carácter universal '\u2840' no se puede representar en la página de códigos actual (1252)
  (compilando archivo de origen "/Menu.cpp")
  
C:\Users\sebas\Downloads\Github - Grupal\Github - Grupal\Menu\Menu\utilidadesLogos.h(366,57): warning C4566: el carácter representado por el nombre de carácter universal '\u2808' no se puede representar en la página de códigos actual (1252)
  (compilando archivo de origen "/Menu.cpp")
  
C:\Users\sebas\Downloads\Github - Grupal\Github - Grupal\Menu\Menu\utilidadesLogos.h(366,57): warning C4566: el carácter representado por el nombre de carácter universal '\u2811' no se puede representar en la página de códigos actual (1252)
  (compilando archivo de origen "/Menu.cpp")
  
C:\Users\sebas\Downloads\Github - Grupal\Github - Grupal\Menu\Menu\utilidadesLogos.h(366,57): warning C4566: el carácter representado por el nombre de carácter universal '\u28A4' no se puede representar en la página de códigos actual (1252)
  (compilando archivo de origen "/Menu.cpp")
  
C:\Users\sebas\Downloads\Github - Grupal\Github - Grupal\Menu\Menu\utilidadesLogos.h(368,58): warning C4566: el carácter representado por el nombre de carácter universal '\u2800' no se puede representar en la página de códigos actual (1252)
  (compilando archivo de origen "/Menu.cpp")
  
C:\Users\sebas\Downloads\Github - Grupal\Github - Grupal\Menu\Menu\utilidadesLogos.h(368,58): warning C4566: el carácter representado por el nombre de carácter universal '\u2874' no se puede representar en la página de códigos actual (1252)
  (compilando archivo de origen "/Menu.cpp")
  
C:\Users\sebas\Downloads\Github - Grupal\Github - Grupal\Menu\Menu\utilidadesLogos.h(368,58): warning C4566: el carácter representado por el nombre de carácter universal '\u28EB' no se puede representar en la página de códigos actual (1252)
  (compilando archivo de origen "/Menu.cpp")
  
C:\Users\sebas\Downloads\Github - Grupal\Github - Grupal\Menu\Menu\utilidadesLogos.h(368,58): warning C4566: el carácter representado por el nombre de carácter universal '\u28FC' no se puede representar en la página de códigos actual (1252)
  (compilando archivo de origen "/Menu.cpp")
  
C:\Users\sebas\Downloads\Github - Grupal\Github - Grupal\Menu\Menu\utilidadesLogos.h(368,58): warning C4566: el carácter representado por el nombre de carácter universal '\u287F' no se puede representar en la página de códigos actual (1252)
  (compilando archivo de origen "/Menu.cpp")
  
C:\Users\sebas\Downloads\Github - Grupal\Github - Grupal\Menu\Menu\utilidadesLogos.h(368,58): warning C4566: el carácter representado por el nombre de carácter universal '\u28F4' no se puede representar en la página de códigos actual (1252)
  (compilando archivo de origen "/Menu.cpp")
  
C:\Users\sebas\Downloads\Github - Grupal\Github - Grupal\Menu\Menu\utilidadesLogos.h(368,58): warning C4566: el carácter representado por el nombre de carácter universal '\u285F' no se puede representar en la página de códigos actual (1252)
  (compilando archivo de origen "/Menu.cpp")
  
C:\Users\sebas\Downloads\Github - Grupal\Github - Grupal\Menu\Menu\utilidadesLogos.h(368,58): warning C4566: el carácter representado por el nombre de carácter universal '\u281B' no se puede representar en la página de códigos actual (1252)
  (compilando archivo de origen "/Menu.cpp")
  
C:\Users\sebas\Downloads\Github - Grupal\Github - Grupal\Menu\Menu\utilidadesLogos.h(368,58): warning C4566: el carácter representado por el nombre de carácter universal '\u2809' no se puede representar en la página de códigos actual (1252)
  (compilando archivo de origen "/Menu.cpp")
  
C:\Users\sebas\Downloads\Github - Grupal\Github - Grupal\Menu\Menu\utilidadesLogos.h(368,58): warning C4566: el carácter representado por el nombre de carácter universal '\u283F' no se puede representar en la página de códigos actual (1252)
  (compilando archivo de origen "/Menu.cpp")
  
C:\Users\sebas\Downloads\Github - Grupal\Github - Grupal\Menu\Menu\utilidadesLogos.h(368,58): warning C4566: el carácter representado por el nombre de carácter universal '\u28FF' no se puede representar en la página de códigos actual (1252)
  (compilando archivo de origen "/Menu.cpp")
  
C:\Users\sebas\Downloads\Github - Grupal\Github - Grupal\Menu\Menu\utilidadesLogos.h(368,58): warning C4566: el carácter representado por el nombre de carácter universal '\u28F7' no se puede representar en la página de códigos actual (1252)
  (compilando archivo de origen "/Menu.cpp")
  
C:\Users\sebas\Downloads\Github - Grupal\Github - Grupal\Menu\Menu\utilidadesLogos.h(368,58): warning C4566: el carácter representado por el nombre de carácter universal '\u28E6' no se puede representar en la página de códigos actual (1252)
  (compilando archivo de origen "/Menu.cpp")
  
C:\Users\sebas\Downloads\Github - Grupal\Github - Grupal\Menu\Menu\utilidadesLogos.h(368,58): warning C4566: el carácter representado por el nombre de carácter universal '\u2840' no se puede representar en la página de códigos actual (1252)
  (compilando archivo de origen "/Menu.cpp")
  
C:\Users\sebas\Downloads\Github - Grupal\Github - Grupal\Menu\Menu\utilidadesLogos.h(368,58): warning C4566: el carácter representado por el nombre de carácter universal '\u2819' no se puede representar en la página de códigos actual (1252)
  (compilando archivo de origen "/Menu.cpp")
  
C:\Users\sebas\Downloads\Github - Grupal\Github - Grupal\Menu\Menu\utilidadesLogos.h(368,58): warning C4566: el carácter representado por el nombre de carácter universal '\u2884' no se puede representar en la página de códigos actual (1252)
  (compilando archivo de origen "/Menu.cpp")
  
C:\Users\sebas\Downloads\Github - Grupal\Github - Grupal\Menu\Menu\utilidadesLogos.h(370,58): warning C4566: el carácter representado por el nombre de carácter universal '\u2800' no se puede representar en la página de códigos actual (1252)
  (compilando archivo de origen "/Menu.cpp")
  
C:\Users\sebas\Downloads\Github - Grupal\Github - Grupal\Menu\Menu\utilidadesLogos.h(370,58): warning C4566: el carácter representado por el nombre de carácter universal '\u28FC' no se puede representar en la página de códigos actual (1252)
  (compilando archivo de origen "/Menu.cpp")
  
C:\Users\sebas\Downloads\Github - Grupal\Github - Grupal\Menu\Menu\utilidadesLogos.h(370,58): warning C4566: el carácter representado por el nombre de carácter universal '\u2881' no se puede representar en la página de códigos actual (1252)
  (compilando archivo de origen "/Menu.cpp")
  
C:\Users\sebas\Downloads\Github - Grupal\Github - Grupal\Menu\Menu\utilidadesLogos.h(370,58): warning C4566: el carácter representado por el nombre de carácter universal '\u28DF' no se puede representar en la página de códigos actual (1252)
  (compilando archivo de origen "/Menu.cpp")
  
C:\Users\sebas\Downloads\Github - Grupal\Github - Grupal\Menu\Menu\utilidadesLogos.h(370,58): warning C4566: el carácter representado por el nombre de carácter universal '\u285F' no se puede representar en la página de códigos actual (1252)
  (compilando archivo de origen "/Menu.cpp")
  
C:\Users\sebas\Downloads\Github - Grupal\Github - Grupal\Menu\Menu\utilidadesLogos.h(370,58): warning C4566: el carácter representado por el nombre de carácter universal '\u28F7' no se puede representar en la página de códigos actual (1252)
  (compilando archivo de origen "/Menu.cpp")
  
C:\Users\sebas\Downloads\Github - Grupal\Github - Grupal\Menu\Menu\utilidadesLogos.h(370,58): warning C4566: el carácter representado por el nombre de carácter universal '\u2801' no se puede representar en la página de códigos actual (1252)
  (compilando archivo de origen "/Menu.cpp")
  
C:\Users\sebas\Downloads\Github - Grupal\Github - Grupal\Menu\Menu\utilidadesLogos.h(370,58): warning C4566: el carácter representado por el nombre de carácter universal '\u2819' no se puede representar en la página de códigos actual (1252)
  (compilando archivo de origen "/Menu.cpp")
  
C:\Users\sebas\Downloads\Github - Grupal\Github - Grupal\Menu\Menu\utilidadesLogos.h(370,58): warning C4566: el carácter representado por el nombre de carácter universal '\u28BF' no se puede representar en la página de códigos actual (1252)
  (compilando archivo de origen "/Menu.cpp")
  
C:\Users\sebas\Downloads\Github - Grupal\Github - Grupal\Menu\Menu\utilidadesLogos.h(370,58): warning C4566: el carácter representado por el nombre de carácter universal '\u28FF' no se puede representar en la página de códigos actual (1252)
  (compilando archivo de origen "/Menu.cpp")
  
C:\Users\sebas\Downloads\Github - Grupal\Github - Grupal\Menu\Menu\utilidadesLogos.h(370,58): warning C4566: el carácter representado por el nombre de carácter universal '\u28C6' no se puede representar en la página de códigos actual (1252)
  (compilando archivo de origen "/Menu.cpp")
  
C:\Users\sebas\Downloads\Github - Grupal\Github - Grupal\Menu\Menu\utilidadesLogos.h(370,58): warning C4566: el carácter representado por el nombre de carácter universal '\u2808' no se puede representar en la página de códigos actual (1252)
  (compilando archivo de origen "/Menu.cpp")
  
C:\Users\sebas\Downloads\Github - Grupal\Github - Grupal\Menu\Menu\utilidadesLogos.h(370,58): warning C4566: el carácter representado por el nombre de carácter universal '\u28A3' no se puede representar en la página de códigos actual (1252)
  (compilando archivo de origen "/Menu.cpp")
  
C:\Users\sebas\Downloads\Github - Grupal\Github - Grupal\Menu\Menu\utilidadesLogos.h(370,58): warning C4566: el carácter representado por el nombre de carácter universal '\u2840' no se puede representar en la página de códigos actual (1252)
  (compilando archivo de origen "/Menu.cpp")
  
C:\Users\sebas\Downloads\Github - Grupal\Github - Grupal\Menu\Menu\utilidadesLogos.h(372,58): warning C4566: el carácter representado por el nombre de carácter universal '\u2800' no se puede representar en la página de códigos actual (1252)
  (compilando archivo de origen "/Menu.cpp")
  
C:\Users\sebas\Downloads\Github - Grupal\Github - Grupal\Menu\Menu\utilidadesLogos.h(372,58): warning C4566: el carácter representado por el nombre de carácter universal '\u28B0' no se puede representar en la página de códigos actual (1252)
  (compilando archivo de origen "/Menu.cpp")
  
C:\Users\sebas\Downloads\Github - Grupal\Github - Grupal\Menu\Menu\utilidadesLogos.h(372,58): warning C4566: el carácter representado por el nombre de carácter universal '\u28FF' no se puede representar en la página de códigos actual (1252)
  (compilando archivo de origen "/Menu.cpp")
  
C:\Users\sebas\Downloads\Github - Grupal\Github - Grupal\Menu\Menu\utilidadesLogos.h(372,58): warning C4566: el carácter representado por el nombre de carácter universal '\u28BC' no se puede representar en la página de códigos actual (1252)
  (compilando archivo de origen "/Menu.cpp")
  
C:\Users\sebas\Downloads\Github - Grupal\Github - Grupal\Menu\Menu\utilidadesLogos.h(372,58): warning C4566: el carácter representado por el nombre de carácter universal '\u28F7' no se puede representar en la página de códigos actual (1252)
  (compilando archivo de origen "/Menu.cpp")
  
C:\Users\sebas\Downloads\Github - Grupal\Github - Grupal\Menu\Menu\utilidadesLogos.h(372,58): warning C4566: el carácter representado por el nombre de carácter universal '\u2807' no se puede representar en la página de códigos actual (1252)
  (compilando archivo de origen "/Menu.cpp")
  
C:\Users\sebas\Downloads\Github - Grupal\Github - Grupal\Menu\Menu\utilidadesLogos.h(372,58): warning C4566: el carácter representado por el nombre de carácter universal '\u2839' no se puede representar en la página de códigos actual (1252)
  (compilando archivo de origen "/Menu.cpp")
  
C:\Users\sebas\Downloads\Github - Grupal\Github - Grupal\Menu\Menu\utilidadesLogos.h(372,58): warning C4566: el carácter representado por el nombre de carácter universal '\u2846' no se puede representar en la página de códigos actual (1252)
  (compilando archivo de origen "/Menu.cpp")
  
C:\Users\sebas\Downloads\Github - Grupal\Github - Grupal\Menu\Menu\utilidadesLogos.h(372,58): warning C4566: el carácter representado por el nombre de carácter universal '\u28B1' no se puede representar en la página de códigos actual (1252)
  (compilando archivo de origen "/Menu.cpp")
  
C:\Users\sebas\Downloads\Github - Grupal\Github - Grupal\Menu\Menu\utilidadesLogos.h(374,58): warning C4566: el carácter representado por el nombre de carácter universal '\u2800' no se puede representar en la página de códigos actual (1252)
  (compilando archivo de origen "/Menu.cpp")
  
C:\Users\sebas\Downloads\Github - Grupal\Github - Grupal\Menu\Menu\utilidadesLogos.h(374,58): warning C4566: el carácter representado por el nombre de carácter universal '\u28B8' no se puede representar en la página de códigos actual (1252)
  (compilando archivo de origen "/Menu.cpp")
  
C:\Users\sebas\Downloads\Github - Grupal\Github - Grupal\Menu\Menu\utilidadesLogos.h(374,58): warning C4566: el carácter representado por el nombre de carácter universal '\u2875' no se puede representar en la página de códigos actual (1252)
  (compilando archivo de origen "/Menu.cpp")
  
C:\Users\sebas\Downloads\Github - Grupal\Github - Grupal\Menu\Menu\utilidadesLogos.h(374,58): warning C4566: el carácter representado por el nombre de carácter universal '\u28FE' no se puede representar en la página de códigos actual (1252)
  (compilando archivo de origen "/Menu.cpp")
  
C:\Users\sebas\Downloads\Github - Grupal\Github - Grupal\Menu\Menu\utilidadesLogos.h(374,58): warning C4566: el carácter representado por el nombre de carácter universal '\u28C7' no se puede representar en la página de códigos actual (1252)
  (compilando archivo de origen "/Menu.cpp")
  
C:\Users\sebas\Downloads\Github - Grupal\Github - Grupal\Menu\Menu\utilidadesLogos.h(374,58): warning C4566: el carácter representado por el nombre de carácter universal '\u28F8' no se puede representar en la página de códigos actual (1252)
  (compilando archivo de origen "/Menu.cpp")
  
C:\Users\sebas\Downloads\Github - Grupal\Github - Grupal\Menu\Menu\utilidadesLogos.h(374,58): warning C4566: el carácter representado por el nombre de carácter universal '\u2818' no se puede representar en la página de códigos actual (1252)
  (compilando archivo de origen "/Menu.cpp")
  
C:\Users\sebas\Downloads\Github - Grupal\Github - Grupal\Menu\Menu\utilidadesLogos.h(374,58): warning C4566: el carácter representado por el nombre de carácter universal '\u28FF' no se puede representar en la página de códigos actual (1252)
  (compilando archivo de origen "/Menu.cpp")
  
C:\Users\sebas\Downloads\Github - Grupal\Github - Grupal\Menu\Menu\utilidadesLogos.h(374,58): warning C4566: el carácter representado por el nombre de carácter universal '\u28E7' no se puede representar en la página de códigos actual (1252)
  (compilando archivo de origen "/Menu.cpp")
  
C:\Users\sebas\Downloads\Github - Grupal\Github - Grupal\Menu\Menu\utilidadesLogos.h(374,58): warning C4566: el carácter representado por el nombre de carácter universal '\u28A7' no se puede representar en la página de códigos actual (1252)
  (compilando archivo de origen "/Menu.cpp")
  
C:\Users\sebas\Downloads\Github - Grupal\Github - Grupal\Menu\Menu\utilidadesLogos.h(376,58): warning C4566: el carácter representado por el nombre de carácter universal '\u2800' no se puede representar en la página de códigos actual (1252)
  (compilando archivo de origen "/Menu.cpp")
  
C:\Users\sebas\Downloads\Github - Grupal\Github - Grupal\Menu\Menu\utilidadesLogos.h(376,58): warning C4566: el carácter representado por el nombre de carácter universal '\u2818' no se puede representar en la página de códigos actual (1252)
  (compilando archivo de origen "/Menu.cpp")
  
C:\Users\sebas\Downloads\Github - Grupal\Github - Grupal\Menu\Menu\utilidadesLogos.h(376,58): warning C4566: el carácter representado por el nombre de carácter universal '\u28F4' no se puede representar en la página de códigos actual (1252)
  (compilando archivo de origen "/Menu.cpp")
  
C:\Users\sebas\Downloads\Github - Grupal\Github - Grupal\Menu\Menu\utilidadesLogos.h(376,58): warning C4566: el carácter representado por el nombre de carácter universal '\u28FF' no se puede representar en la página de códigos actual (1252)
  (compilando archivo de origen "/Menu.cpp")
  
C:\Users\sebas\Downloads\Github - Grupal\Github - Grupal\Menu\Menu\utilidadesLogos.h(376,58): warning C4566: el carácter representado por el nombre de carácter universal '\u28AF' no se puede representar en la página de códigos actual (1252)
  (compilando archivo de origen "/Menu.cpp")
  
C:\Users\sebas\Downloads\Github - Grupal\Github - Grupal\Menu\Menu\utilidadesLogos.h(376,58): warning C4566: el carácter representado por el nombre de carácter universal '\u284F' no se puede representar en la página de códigos actual (1252)
  (compilando archivo de origen "/Menu.cpp")
  
C:\Users\sebas\Downloads\Github - Grupal\Github - Grupal\Menu\Menu\utilidadesLogos.h(376,58): warning C4566: el carácter representado por el nombre de carácter universal '\u2839' no se puede representar en la página de códigos actual (1252)
  (compilando archivo de origen "/Menu.cpp")
  
C:\Users\sebas\Downloads\Github - Grupal\Github - Grupal\Menu\Menu\utilidadesLogos.h(376,58): warning C4566: el carácter representado por el nombre de carácter universal '\u287F' no se puede representar en la página de códigos actual (1252)
  (compilando archivo de origen "/Menu.cpp")
  
C:\Users\sebas\Downloads\Github - Grupal\Github - Grupal\Menu\Menu\utilidadesLogos.h(376,58): warning C4566: el carácter representado por el nombre de carácter universal '\u281B' no se puede representar en la página de códigos actual (1252)
  (compilando archivo de origen "/Menu.cpp")
  
C:\Users\sebas\Downloads\Github - Grupal\Github - Grupal\Menu\Menu\utilidadesLogos.h(376,58): warning C4566: el carácter representado por el nombre de carácter universal '\u2809' no se puede representar en la página de códigos actual (1252)
  (compilando archivo de origen "/Menu.cpp")
  
C:\Users\sebas\Downloads\Github - Grupal\Github - Grupal\Menu\Menu\utilidadesLogos.h(376,58): warning C4566: el carácter representado por el nombre de carácter universal '\u2846' no se puede representar en la página de códigos actual (1252)
  (compilando archivo de origen "/Menu.cpp")
  
C:\Users\sebas\Downloads\Github - Grupal\Github - Grupal\Menu\Menu\utilidadesLogos.h(378,58): warning C4566: el carácter representado por el nombre de carácter universal '\u2880' no se puede representar en la página de códigos actual (1252)
  (compilando archivo de origen "/Menu.cpp")
  
C:\Users\sebas\Downloads\Github - Grupal\Github - Grupal\Menu\Menu\utilidadesLogos.h(378,58): warning C4566: el carácter representado por el nombre de carácter universal '\u28FC' no se puede representar en la página de códigos actual (1252)
  (compilando archivo de origen "/Menu.cpp")
  
C:\Users\sebas\Downloads\Github - Grupal\Github - Grupal\Menu\Menu\utilidadesLogos.h(378,58): warning C4566: el carácter representado por el nombre de carácter universal '\u28FF' no se puede representar en la página de códigos actual (1252)
  (compilando archivo de origen "/Menu.cpp")
  
C:\Users\sebas\Downloads\Github - Grupal\Github - Grupal\Menu\Menu\utilidadesLogos.h(378,58): warning C4566: el carácter representado por el nombre de carácter universal '\u28E7' no se puede representar en la página de códigos actual (1252)
  (compilando archivo de origen "/Menu.cpp")
  
C:\Users\sebas\Downloads\Github - Grupal\Github - Grupal\Menu\Menu\utilidadesLogos.h(378,58): warning C4566: el carácter representado por el nombre de carácter universal '\u281F' no se puede representar en la página de códigos actual (1252)
  (compilando archivo de origen "/Menu.cpp")
  
C:\Users\sebas\Downloads\Github - Grupal\Github - Grupal\Menu\Menu\utilidadesLogos.h(378,58): warning C4566: el carácter representado por el nombre de carácter universal '\u2801' no se puede representar en la página de códigos actual (1252)
  (compilando archivo de origen "/Menu.cpp")
  
C:\Users\sebas\Downloads\Github - Grupal\Github - Grupal\Menu\Menu\utilidadesLogos.h(378,58): warning C4566: el carácter representado por el nombre de carácter universal '\u28C0' no se puede representar en la página de códigos actual (1252)
  (compilando archivo de origen "/Menu.cpp")
  
C:\Users\sebas\Downloads\Github - Grupal\Github - Grupal\Menu\Menu\utilidadesLogos.h(378,58): warning C4566: el carácter representado por el nombre de carácter universal '\u2840' no se puede representar en la página de códigos actual (1252)
  (compilando archivo de origen "/Menu.cpp")
  
C:\Users\sebas\Downloads\Github - Grupal\Github - Grupal\Menu\Menu\utilidadesLogos.h(378,58): warning C4566: el carácter representado por el nombre de carácter universal '\u2800' no se puede representar en la página de códigos actual (1252)
  (compilando archivo de origen "/Menu.cpp")
  
C:\Users\sebas\Downloads\Github - Grupal\Github - Grupal\Menu\Menu\utilidadesLogos.h(378,58): warning C4566: el carácter representado por el nombre de carácter universal '\u28AF' no se puede representar en la página de códigos actual (1252)
  (compilando archivo de origen "/Menu.cpp")
  
C:\Users\sebas\Downloads\Github - Grupal\Github - Grupal\Menu\Menu\utilidadesLogos.h(378,58): warning C4566: el carácter representado por el nombre de carácter universal '\u28F4' no se puede representar en la página de códigos actual (1252)
  (compilando archivo de origen "/Menu.cpp")
  
C:\Users\sebas\Downloads\Github - Grupal\Github - Grupal\Menu\Menu\utilidadesLogos.h(378,58): warning C4566: el carácter representado por el nombre de carácter universal '\u28F6' no se puede representar en la página de códigos actual (1252)
  (compilando archivo de origen "/Menu.cpp")
  
C:\Users\sebas\Downloads\Github - Grupal\Github - Grupal\Menu\Menu\utilidadesLogos.h(378,58): warning C4566: el carácter representado por el nombre de carácter universal '\u2847' no se puede representar en la página de códigos actual (1252)
  (compilando archivo de origen "/Menu.cpp")
  
C:\Users\sebas\Downloads\Github - Grupal\Github - Grupal\Menu\Menu\utilidadesLogos.h(380,58): warning C4566: el carácter representado por el nombre de carácter universal '\u28B8' no se puede representar en la página de códigos actual (1252)
  (compilando archivo de origen "/Menu.cpp")
  
C:\Users\sebas\Downloads\Github - Grupal\Github - Grupal\Menu\Menu\utilidadesLogos.h(380,58): warning C4566: el carácter representado por el nombre de carácter universal '\u28FF' no se puede representar en la página de códigos actual (1252)
  (compilando archivo de origen "/Menu.cpp")
  
C:\Users\sebas\Downloads\Github - Grupal\Github - Grupal\Menu\Menu\utilidadesLogos.h(380,58): warning C4566: el carácter representado por el nombre de carácter universal '\u28FC' no se puede representar en la página de códigos actual (1252)
  (compilando archivo de origen "/Menu.cpp")
  
C:\Users\sebas\Downloads\Github - Grupal\Github - Grupal\Menu\Menu\utilidadesLogos.h(380,58): warning C4566: el carácter representado por el nombre de carácter universal '\u28CB' no se puede representar en la página de códigos actual (1252)
  (compilando archivo de origen "/Menu.cpp")
  
C:\Users\sebas\Downloads\Github - Grupal\Github - Grupal\Menu\Menu\utilidadesLogos.h(380,58): warning C4566: el carácter representado por el nombre de carácter universal '\u28C9' no se puede representar en la página de códigos actual (1252)
  (compilando archivo de origen "/Menu.cpp")
  
C:\Users\sebas\Downloads\Github - Grupal\Github - Grupal\Menu\Menu\utilidadesLogos.h(380,58): warning C4566: el carácter representado por el nombre de carácter universal '\u2800' no se puede representar en la página de códigos actual (1252)
  (compilando archivo de origen "/Menu.cpp")
  
C:\Users\sebas\Downloads\Github - Grupal\Github - Grupal\Menu\Menu\utilidadesLogos.h(380,58): warning C4566: el carácter representado por el nombre de carácter universal '\u2808' no se puede representar en la página de códigos actual (1252)
  (compilando archivo de origen "/Menu.cpp")
  
C:\Users\sebas\Downloads\Github - Grupal\Github - Grupal\Menu\Menu\utilidadesLogos.h(380,58): warning C4566: el carácter representado por el nombre de carácter universal '\u2819' no se puede representar en la página de códigos actual (1252)
  (compilando archivo de origen "/Menu.cpp")
  
C:\Users\sebas\Downloads\Github - Grupal\Github - Grupal\Menu\Menu\utilidadesLogos.h(380,58): warning C4566: el carácter representado por el nombre de carácter universal '\u2826' no se puede representar en la página de códigos actual (1252)
  (compilando archivo de origen "/Menu.cpp")
  
C:\Users\sebas\Downloads\Github - Grupal\Github - Grupal\Menu\Menu\utilidadesLogos.h(380,58): warning C4566: el carácter representado por el nombre de carácter universal '\u2840' no se puede representar en la página de códigos actual (1252)
  (compilando archivo de origen "/Menu.cpp")
  
C:\Users\sebas\Downloads\Github - Grupal\Github - Grupal\Menu\Menu\utilidadesLogos.h(380,58): warning C4566: el carácter representado por el nombre de carácter universal '\u28F7' no se puede representar en la página de códigos actual (1252)
  (compilando archivo de origen "/Menu.cpp")
  
C:\Users\sebas\Downloads\Github - Grupal\Github - Grupal\Menu\Menu\utilidadesLogos.h(382,58): warning C4566: el carácter representado por el nombre de carácter universal '\u28B8' no se puede representar en la página de códigos actual (1252)
  (compilando archivo de origen "/Menu.cpp")
  
C:\Users\sebas\Downloads\Github - Grupal\Github - Grupal\Menu\Menu\utilidadesLogos.h(382,58): warning C4566: el carácter representado por el nombre de carácter universal '\u2801' no se puede representar en la página de códigos actual (1252)
  (compilando archivo de origen "/Menu.cpp")
  
C:\Users\sebas\Downloads\Github - Grupal\Github - Grupal\Menu\Menu\utilidadesLogos.h(382,58): warning C4566: el carácter representado por el nombre de carácter universal '\u280A' no se puede representar en la página de códigos actual (1252)
  (compilando archivo de origen "/Menu.cpp")
  
C:\Users\sebas\Downloads\Github - Grupal\Github - Grupal\Menu\Menu\utilidadesLogos.h(382,58): warning C4566: el carácter representado por el nombre de carácter universal '\u28FF' no se puede representar en la página de códigos actual (1252)
  (compilando archivo de origen "/Menu.cpp")
  
C:\Users\sebas\Downloads\Github - Grupal\Github - Grupal\Menu\Menu\utilidadesLogos.h(382,58): warning C4566: el carácter representado por el nombre de carácter universal '\u281B' no se puede representar en la página de códigos actual (1252)
  (compilando archivo de origen "/Menu.cpp")
  
C:\Users\sebas\Downloads\Github - Grupal\Github - Grupal\Menu\Menu\utilidadesLogos.h(382,58): warning C4566: el carácter representado por el nombre de carácter universal '\u289B' no se puede representar en la página de códigos actual (1252)
  (compilando archivo de origen "/Menu.cpp")
  
C:\Users\sebas\Downloads\Github - Grupal\Github - Grupal\Menu\Menu\utilidadesLogos.h(382,58): warning C4566: el carácter representado por el nombre de carácter universal '\u289F' no se puede representar en la página de códigos actual (1252)
  (compilando archivo de origen "/Menu.cpp")
  
C:\Users\sebas\Downloads\Github - Grupal\Github - Grupal\Menu\Menu\utilidadesLogos.h(382,58): warning C4566: el carácter representado por el nombre de carácter universal '\u28E6' no se puede representar en la página de códigos actual (1252)
  (compilando archivo de origen "/Menu.cpp")
  
C:\Users\sebas\Downloads\Github - Grupal\Github - Grupal\Menu\Menu\utilidadesLogos.h(382,58): warning C4566: el carácter representado por el nombre de carácter universal '\u2840' no se puede representar en la página de códigos actual (1252)
  (compilando archivo de origen "/Menu.cpp")
  
C:\Users\sebas\Downloads\Github - Grupal\Github - Grupal\Menu\Menu\utilidadesLogos.h(382,58): warning C4566: el carácter representado por el nombre de carácter universal '\u2800' no se puede representar en la página de códigos actual (1252)
  (compilando archivo de origen "/Menu.cpp")
  
C:\Users\sebas\Downloads\Github - Grupal\Github - Grupal\Menu\Menu\utilidadesLogos.h(382,58): warning C4566: el carácter representado por el nombre de carácter universal '\u2808' no se puede representar en la página de códigos actual (1252)
  (compilando archivo de origen "/Menu.cpp")
  
C:\Users\sebas\Downloads\Github - Grupal\Github - Grupal\Menu\Menu\utilidadesLogos.h(382,58): warning C4566: el carácter representado por el nombre de carácter universal '\u2886' no se puede representar en la página de códigos actual (1252)
  (compilando archivo de origen "/Menu.cpp")
  
C:\Users\sebas\Downloads\Github - Grupal\Github - Grupal\Menu\Menu\utilidadesLogos.h(382,58): warning C4566: el carácter representado por el nombre de carácter universal '\u2880' no se puede representar en la página de códigos actual (1252)
  (compilando archivo de origen "/Menu.cpp")
  
C:\Users\sebas\Downloads\Github - Grupal\Github - Grupal\Menu\Menu\utilidadesLogos.h(382,58): warning C4566: el carácter representado por el nombre de carácter universal '\u2814' no se puede representar en la página de códigos actual (1252)
  (compilando archivo de origen "/Menu.cpp")
  
C:\Users\sebas\Downloads\Github - Grupal\Github - Grupal\Menu\Menu\utilidadesLogos.h(382,58): warning C4566: el carácter representado por el nombre de carácter universal '\u28E8' no se puede representar en la página de códigos actual (1252)
  (compilando archivo de origen "/Menu.cpp")
  
C:\Users\sebas\Downloads\Github - Grupal\Github - Grupal\Menu\Menu\utilidadesLogos.h(382,58): warning C4566: el carácter representado por el nombre de carácter universal '\u28F6' no se puede representar en la página de códigos actual (1252)
  (compilando archivo de origen "/Menu.cpp")
  
C:\Users\sebas\Downloads\Github - Grupal\Github - Grupal\Menu\Menu\utilidadesLogos.h(382,58): warning C4566: el carácter representado por el nombre de carácter universal '\u285C' no se puede representar en la página de códigos actual (1252)
  (compilando archivo de origen "/Menu.cpp")
  
C:\Users\sebas\Downloads\Github - Grupal\Github - Grupal\Menu\Menu\utilidadesLogos.h(382,58): warning C4566: el carácter representado por el nombre de carácter universal '\u2802' no se puede representar en la página de códigos actual (1252)
  (compilando archivo de origen "/Menu.cpp")
  
C:\Users\sebas\Downloads\Github - Grupal\Github - Grupal\Menu\Menu\utilidadesLogos.h(382,58): warning C4566: el carácter representado por el nombre de carácter universal '\u283D' no se puede representar en la página de códigos actual (1252)
  (compilando archivo de origen "/Menu.cpp")
  
C:\Users\sebas\Downloads\Github - Grupal\Github - Grupal\Menu\Menu\utilidadesLogos.h(382,58): warning C4566: el carácter representado por el nombre de carácter universal '\u28E7' no se puede representar en la página de códigos actual (1252)
  (compilando archivo de origen "/Menu.cpp")
  
C:\Users\sebas\Downloads\Github - Grupal\Github - Grupal\Menu\Menu\utilidadesLogos.h(384,58): warning C4566: el carácter representado por el nombre de carácter universal '\u2838' no se puede representar en la página de códigos actual (1252)
  (compilando archivo de origen "/Menu.cpp")
  
C:\Users\sebas\Downloads\Github - Grupal\Github - Grupal\Menu\Menu\utilidadesLogos.h(384,58): warning C4566: el carácter representado por el nombre de carácter universal '\u28F6' no se puede representar en la página de códigos actual (1252)
  (compilando archivo de origen "/Menu.cpp")
  
C:\Users\sebas\Downloads\Github - Grupal\Github - Grupal\Menu\Menu\utilidadesLogos.h(384,58): warning C4566: el carácter representado por el nombre de carácter universal '\u28FE' no se puede representar en la página de códigos actual (1252)
  (compilando archivo de origen "/Menu.cpp")
  
C:\Users\sebas\Downloads\Github - Grupal\Github - Grupal\Menu\Menu\utilidadesLogos.h(384,58): warning C4566: el carácter representado por el nombre de carácter universal '\u286F' no se puede representar en la página de códigos actual (1252)
  (compilando archivo de origen "/Menu.cpp")
  
C:\Users\sebas\Downloads\Github - Grupal\Github - Grupal\Menu\Menu\utilidadesLogos.h(384,58): warning C4566: el carácter representado por el nombre de carácter universal '\u2824' no se puede representar en la página de códigos actual (1252)
  (compilando archivo de origen "/Menu.cpp")
  
C:\Users\sebas\Downloads\Github - Grupal\Github - Grupal\Menu\Menu\utilidadesLogos.h(384,58): warning C4566: el carácter representado por el nombre de carácter universal '\u2884' no se puede representar en la página de códigos actual (1252)
  (compilando archivo de origen "/Menu.cpp")
  
C:\Users\sebas\Downloads\Github - Grupal\Github - Grupal\Menu\Menu\utilidadesLogos.h(384,58): warning C4566: el carácter representado por el nombre de carácter universal '\u2840' no se puede representar en la página de códigos actual (1252)
  (compilando archivo de origen "/Menu.cpp")
  
C:\Users\sebas\Downloads\Github - Grupal\Github - Grupal\Menu\Menu\utilidadesLogos.h(384,58): warning C4566: el carácter representado por el nombre de carácter universal '\u2835' no se puede representar en la página de códigos actual (1252)
  (compilando archivo de origen "/Menu.cpp")
  
C:\Users\sebas\Downloads\Github - Grupal\Github - Grupal\Menu\Menu\utilidadesLogos.h(384,58): warning C4566: el carácter representado por el nombre de carácter universal '\u28BF' no se puede representar en la página de códigos actual (1252)
  (compilando archivo de origen "/Menu.cpp")
  
C:\Users\sebas\Downloads\Github - Grupal\Github - Grupal\Menu\Menu\utilidadesLogos.h(384,58): warning C4566: el carácter representado por el nombre de carácter universal '\u28E6' no se puede representar en la página de códigos actual (1252)
  (compilando archivo de origen "/Menu.cpp")
  
C:\Users\sebas\Downloads\Github - Grupal\Github - Grupal\Menu\Menu\utilidadesLogos.h(384,58): warning C4566: el carácter representado por el nombre de carácter universal '\u2800' no se puede representar en la página de códigos actual (1252)
  (compilando archivo de origen "/Menu.cpp")
  
C:\Users\sebas\Downloads\Github - Grupal\Github - Grupal\Menu\Menu\utilidadesLogos.h(384,58): warning C4566: el carácter representado por el nombre de carácter universal '\u2877' no se puede representar en la página de códigos actual (1252)
  (compilando archivo de origen "/Menu.cpp")
  
C:\Users\sebas\Downloads\Github - Grupal\Github - Grupal\Menu\Menu\utilidadesLogos.h(384,58): warning C4566: el carácter representado por el nombre de carácter universal '\u2844' no se puede representar en la página de códigos actual (1252)
  (compilando archivo de origen "/Menu.cpp")
  
C:\Users\sebas\Downloads\Github - Grupal\Github - Grupal\Menu\Menu\utilidadesLogos.h(384,58): warning C4566: el carácter representado por el nombre de carácter universal '\u2870' no se puede representar en la página de códigos actual (1252)
  (compilando archivo de origen "/Menu.cpp")
  
C:\Users\sebas\Downloads\Github - Grupal\Github - Grupal\Menu\Menu\utilidadesLogos.h(384,58): warning C4566: el carácter representado por el nombre de carácter universal '\u2881' no se puede representar en la página de códigos actual (1252)
  (compilando archivo de origen "/Menu.cpp")
  
C:\Users\sebas\Downloads\Github - Grupal\Github - Grupal\Menu\Menu\utilidadesLogos.h(384,58): warning C4566: el carácter representado por el nombre de carácter universal '\u28FF' no se puede representar en la página de códigos actual (1252)
  (compilando archivo de origen "/Menu.cpp")
  
C:\Users\sebas\Downloads\Github - Grupal\Github - Grupal\Menu\Menu\utilidadesLogos.h(384,58): warning C4566: el carácter representado por el nombre de carácter universal '\u2879' no se puede representar en la página de códigos actual (1252)
  (compilando archivo de origen "/Menu.cpp")
  
C:\Users\sebas\Downloads\Github - Grupal\Github - Grupal\Menu\Menu\utilidadesLogos.h(386,58): warning C4566: el carácter representado por el nombre de carácter universal '\u2800' no se puede representar en la página de códigos actual (1252)
  (compilando archivo de origen "/Menu.cpp")
  
C:\Users\sebas\Downloads\Github - Grupal\Github - Grupal\Menu\Menu\utilidadesLogos.h(386,58): warning C4566: el carácter representado por el nombre de carácter universal '\u28FF' no se puede representar en la página de códigos actual (1252)
  (compilando archivo de origen "/Menu.cpp")
  
C:\Users\sebas\Downloads\Github - Grupal\Github - Grupal\Menu\Menu\utilidadesLogos.h(386,58): warning C4566: el carácter representado por el nombre de carácter universal '\u28E1' no se puede representar en la página de códigos actual (1252)
  (compilando archivo de origen "/Menu.cpp")
  
C:\Users\sebas\Downloads\Github - Grupal\Github - Grupal\Menu\Menu\utilidadesLogos.h(386,58): warning C4566: el carácter representado por el nombre de carácter universal '\u2826' no se puede representar en la página de códigos actual (1252)
  (compilando archivo de origen "/Menu.cpp")
  
C:\Users\sebas\Downloads\Github - Grupal\Github - Grupal\Menu\Menu\utilidadesLogos.h(386,58): warning C4566: el carácter representado por el nombre de carácter universal '\u2884' no se puede representar en la página de códigos actual (1252)
  (compilando archivo de origen "/Menu.cpp")
  
C:\Users\sebas\Downloads\Github - Grupal\Github - Grupal\Menu\Menu\utilidadesLogos.h(386,58): warning C4566: el carácter representado por el nombre de carácter universal '\u2840' no se puede representar en la página de códigos actual (1252)
  (compilando archivo de origen "/Menu.cpp")
  
C:\Users\sebas\Downloads\Github - Grupal\Github - Grupal\Menu\Menu\utilidadesLogos.h(386,58): warning C4566: el carácter representado por el nombre de carácter universal '\u2808' no se puede representar en la página de códigos actual (1252)
  (compilando archivo de origen "/Menu.cpp")
  
C:\Users\sebas\Downloads\Github - Grupal\Github - Grupal\Menu\Menu\utilidadesLogos.h(386,58): warning C4566: el carácter representado por el nombre de carácter universal '\u2833' no se puede representar en la página de códigos actual (1252)
  (compilando archivo de origen "/Menu.cpp")
  
C:\Users\sebas\Downloads\Github - Grupal\Github - Grupal\Menu\Menu\utilidadesLogos.h(386,58): warning C4566: el carácter representado por el nombre de carácter universal '\u28EC' no se puede representar en la página de códigos actual (1252)
  (compilando archivo de origen "/Menu.cpp")
  
C:\Users\sebas\Downloads\Github - Grupal\Github - Grupal\Menu\Menu\utilidadesLogos.h(386,58): warning C4566: el carácter representado por el nombre de carácter universal '\u28F9' no se puede representar en la página de códigos actual (1252)
  (compilando archivo de origen "/Menu.cpp")
  
C:\Users\sebas\Downloads\Github - Grupal\Github - Grupal\Menu\Menu\utilidadesLogos.h(386,58): warning C4566: el carácter representado por el nombre de carácter universal '\u28C6' no se puede representar en la página de códigos actual (1252)
  (compilando archivo de origen "/Menu.cpp")
  
C:\Users\sebas\Downloads\Github - Grupal\Github - Grupal\Menu\Menu\utilidadesLogos.h(386,58): warning C4566: el carácter representado por el nombre de carácter universal '\u2889' no se puede representar en la página de códigos actual (1252)
  (compilando archivo de origen "/Menu.cpp")
  
C:\Users\sebas\Downloads\Github - Grupal\Github - Grupal\Menu\Menu\utilidadesLogos.h(386,58): warning C4566: el carácter representado por el nombre de carácter universal '\u283B' no se puede representar en la página de códigos actual (1252)
  (compilando archivo de origen "/Menu.cpp")
  
C:\Users\sebas\Downloads\Github - Grupal\Github - Grupal\Menu\Menu\utilidadesLogos.h(386,58): warning C4566: el carácter representado por el nombre de carácter universal '\u28F4' no se puede representar en la página de códigos actual (1252)
  (compilando archivo de origen "/Menu.cpp")
  
C:\Users\sebas\Downloads\Github - Grupal\Github - Grupal\Menu\Menu\utilidadesLogos.h(386,58): warning C4566: el carácter representado por el nombre de carácter universal '\u2807' no se puede representar en la página de códigos actual (1252)
  (compilando archivo de origen "/Menu.cpp")
  
C:\Users\sebas\Downloads\Github - Grupal\Github - Grupal\Menu\Menu\utilidadesLogos.h(386,58): warning C4566: el carácter representado por el nombre de carácter universal '\u28FE' no se puede representar en la página de códigos actual (1252)
  (compilando archivo de origen "/Menu.cpp")
  
C:\Users\sebas\Downloads\Github - Grupal\Github - Grupal\Menu\Menu\utilidadesLogos.h(386,58): warning C4566: el carácter representado por el nombre de carácter universal '\u285F' no se puede representar en la página de códigos actual (1252)
  (compilando archivo de origen "/Menu.cpp")
  
C:\Users\sebas\Downloads\Github - Grupal\Github - Grupal\Menu\Menu\utilidadesLogos.h(386,58): warning C4566: el carácter representado por el nombre de carácter universal '\u28BB' no se puede representar en la página de códigos actual (1252)
  (compilando archivo de origen "/Menu.cpp")
  
C:\Users\sebas\Downloads\Github - Grupal\Github - Grupal\Menu\Menu\utilidadesLogos.h(386,58): warning C4566: el carácter representado por el nombre de carácter universal '\u2801' no se puede representar en la página de códigos actual (1252)
  (compilando archivo de origen "/Menu.cpp")
  
C:\Users\sebas\Downloads\Github - Grupal\Github - Grupal\Menu\Menu\utilidadesLogos.h(386,58): warning C4566: el carácter representado por el nombre de carácter universal '\u2847' no se puede representar en la página de códigos actual (1252)
  (compilando archivo de origen "/Menu.cpp")
  
C:\Users\sebas\Downloads\Github - Grupal\Github - Grupal\Menu\Menu\utilidadesLogos.h(388,58): warning C4566: el carácter representado por el nombre de carácter universal '\u2800' no se puede representar en la página de códigos actual (1252)
  (compilando archivo de origen "/Menu.cpp")
  
C:\Users\sebas\Downloads\Github - Grupal\Github - Grupal\Menu\Menu\utilidadesLogos.h(388,58): warning C4566: el carácter representado por el nombre de carácter universal '\u28FF' no se puede representar en la página de códigos actual (1252)
  (compilando archivo de origen "/Menu.cpp")
  
C:\Users\sebas\Downloads\Github - Grupal\Github - Grupal\Menu\Menu\utilidadesLogos.h(388,58): warning C4566: el carácter representado por el nombre de carácter universal '\u28E1' no se puede representar en la página de códigos actual (1252)
  (compilando archivo de origen "/Menu.cpp")
  
C:\Users\sebas\Downloads\Github - Grupal\Github - Grupal\Menu\Menu\utilidadesLogos.h(388,58): warning C4566: el carácter representado por el nombre de carácter universal '\u2826' no se puede representar en la página de códigos actual (1252)
  (compilando archivo de origen "/Menu.cpp")
  
C:\Users\sebas\Downloads\Github - Grupal\Github - Grupal\Menu\Menu\utilidadesLogos.h(388,58): warning C4566: el carácter representado por el nombre de carácter universal '\u2884' no se puede representar en la página de códigos actual (1252)
  (compilando archivo de origen "/Menu.cpp")
  
C:\Users\sebas\Downloads\Github - Grupal\Github - Grupal\Menu\Menu\utilidadesLogos.h(388,58): warning C4566: el carácter representado por el nombre de carácter universal '\u2840' no se puede representar en la página de códigos actual (1252)
  (compilando archivo de origen "/Menu.cpp")
  
C:\Users\sebas\Downloads\Github - Grupal\Github - Grupal\Menu\Menu\utilidadesLogos.h(388,58): warning C4566: el carácter representado por el nombre de carácter universal '\u2808' no se puede representar en la página de códigos actual (1252)
  (compilando archivo de origen "/Menu.cpp")
  
C:\Users\sebas\Downloads\Github - Grupal\Github - Grupal\Menu\Menu\utilidadesLogos.h(388,58): warning C4566: el carácter representado por el nombre de carácter universal '\u2833' no se puede representar en la página de códigos actual (1252)
  (compilando archivo de origen "/Menu.cpp")
  
C:\Users\sebas\Downloads\Github - Grupal\Github - Grupal\Menu\Menu\utilidadesLogos.h(388,58): warning C4566: el carácter representado por el nombre de carácter universal '\u28EC' no se puede representar en la página de códigos actual (1252)
  (compilando archivo de origen "/Menu.cpp")
  
C:\Users\sebas\Downloads\Github - Grupal\Github - Grupal\Menu\Menu\utilidadesLogos.h(388,58): warning C4566: el carácter representado por el nombre de carácter universal '\u28F9' no se puede representar en la página de códigos actual (1252)
  (compilando archivo de origen "/Menu.cpp")
  
C:\Users\sebas\Downloads\Github - Grupal\Github - Grupal\Menu\Menu\utilidadesLogos.h(388,58): warning C4566: el carácter representado por el nombre de carácter universal '\u28C6' no se puede representar en la página de códigos actual (1252)
  (compilando archivo de origen "/Menu.cpp")
  
C:\Users\sebas\Downloads\Github - Grupal\Github - Grupal\Menu\Menu\utilidadesLogos.h(388,58): warning C4566: el carácter representado por el nombre de carácter universal '\u2889' no se puede representar en la página de códigos actual (1252)
  (compilando archivo de origen "/Menu.cpp")
  
C:\Users\sebas\Downloads\Github - Grupal\Github - Grupal\Menu\Menu\utilidadesLogos.h(388,58): warning C4566: el carácter representado por el nombre de carácter universal '\u283B' no se puede representar en la página de códigos actual (1252)
  (compilando archivo de origen "/Menu.cpp")
  
C:\Users\sebas\Downloads\Github - Grupal\Github - Grupal\Menu\Menu\utilidadesLogos.h(388,58): warning C4566: el carácter representado por el nombre de carácter universal '\u28F4' no se puede representar en la página de códigos actual (1252)
  (compilando archivo de origen "/Menu.cpp")
  
C:\Users\sebas\Downloads\Github - Grupal\Github - Grupal\Menu\Menu\utilidadesLogos.h(388,58): warning C4566: el carácter representado por el nombre de carácter universal '\u2807' no se puede representar en la página de códigos actual (1252)
  (compilando archivo de origen "/Menu.cpp")
  
C:\Users\sebas\Downloads\Github - Grupal\Github - Grupal\Menu\Menu\utilidadesLogos.h(388,58): warning C4566: el carácter representado por el nombre de carácter universal '\u28FE' no se puede representar en la página de códigos actual (1252)
  (compilando archivo de origen "/Menu.cpp")
  
C:\Users\sebas\Downloads\Github - Grupal\Github - Grupal\Menu\Menu\utilidadesLogos.h(388,58): warning C4566: el carácter representado por el nombre de carácter universal '\u285F' no se puede representar en la página de códigos actual (1252)
  (compilando archivo de origen "/Menu.cpp")
  
C:\Users\sebas\Downloads\Github - Grupal\Github - Grupal\Menu\Menu\utilidadesLogos.h(388,58): warning C4566: el carácter representado por el nombre de carácter universal '\u28BB' no se puede representar en la página de códigos actual (1252)
  (compilando archivo de origen "/Menu.cpp")
  
C:\Users\sebas\Downloads\Github - Grupal\Github - Grupal\Menu\Menu\utilidadesLogos.h(388,58): warning C4566: el carácter representado por el nombre de carácter universal '\u2801' no se puede representar en la página de códigos actual (1252)
  (compilando archivo de origen "/Menu.cpp")
  
C:\Users\sebas\Downloads\Github - Grupal\Github - Grupal\Menu\Menu\utilidadesLogos.h(388,58): warning C4566: el carácter representado por el nombre de carácter universal '\u2847' no se puede representar en la página de códigos actual (1252)
  (compilando archivo de origen "/Menu.cpp")
  
C:\Users\sebas\Downloads\Github - Grupal\Github - Grupal\Menu\Menu\utilidadesLogos.h(390,58): warning C4566: el carácter representado por el nombre de carácter universal '\u2800' no se puede representar en la página de códigos actual (1252)
  (compilando archivo de origen "/Menu.cpp")
  
C:\Users\sebas\Downloads\Github - Grupal\Github - Grupal\Menu\Menu\utilidadesLogos.h(390,58): warning C4566: el carácter representado por el nombre de carácter universal '\u28FF' no se puede representar en la página de códigos actual (1252)
  (compilando archivo de origen "/Menu.cpp")
  
C:\Users\sebas\Downloads\Github - Grupal\Github - Grupal\Menu\Menu\utilidadesLogos.h(390,58): warning C4566: el carácter representado por el nombre de carácter universal '\u286D' no se puede representar en la página de códigos actual (1252)
  (compilando archivo de origen "/Menu.cpp")
  
C:\Users\sebas\Downloads\Github - Grupal\Github - Grupal\Menu\Menu\utilidadesLogos.h(390,58): warning C4566: el carácter representado por el nombre de carácter universal '\u2840' no se puede representar en la página de códigos actual (1252)
  (compilando archivo de origen "/Menu.cpp")
  
C:\Users\sebas\Downloads\Github - Grupal\Github - Grupal\Menu\Menu\utilidadesLogos.h(390,58): warning C4566: el carácter representado por el nombre de carácter universal '\u2808' no se puede representar en la página de códigos actual (1252)
  (compilando archivo de origen "/Menu.cpp")
  
C:\Users\sebas\Downloads\Github - Grupal\Github - Grupal\Menu\Menu\utilidadesLogos.h(390,58): warning C4566: el carácter representado por el nombre de carácter universal '\u2832' no se puede representar en la página de códigos actual (1252)
  (compilando archivo de origen "/Menu.cpp")
  
C:\Users\sebas\Downloads\Github - Grupal\Github - Grupal\Menu\Menu\utilidadesLogos.h(390,58): warning C4566: el carácter representado por el nombre de carácter universal '\u28E6' no se puede representar en la página de códigos actual (1252)
  (compilando archivo de origen "/Menu.cpp")
  
C:\Users\sebas\Downloads\Github - Grupal\Github - Grupal\Menu\Menu\utilidadesLogos.h(390,58): warning C4566: el carácter representado por el nombre de carácter universal '\u28F8' no se puede representar en la página de códigos actual (1252)
  (compilando archivo de origen "/Menu.cpp")
  
C:\Users\sebas\Downloads\Github - Grupal\Github - Grupal\Menu\Menu\utilidadesLogos.h(390,58): warning C4566: el carácter representado por el nombre de carácter universal '\u28E7' no se puede representar en la página de códigos actual (1252)
  (compilando archivo de origen "/Menu.cpp")
  
C:\Users\sebas\Downloads\Github - Grupal\Github - Grupal\Menu\Menu\utilidadesLogos.h(390,58): warning C4566: el carácter representado por el nombre de carácter universal '\u28C0' no se puede representar en la página de códigos actual (1252)
  (compilando archivo de origen "/Menu.cpp")
  
C:\Users\sebas\Downloads\Github - Grupal\Github - Grupal\Menu\Menu\utilidadesLogos.h(390,58): warning C4566: el carácter representado por el nombre de carácter universal '\u2854' no se puede representar en la página de códigos actual (1252)
  (compilando archivo de origen "/Menu.cpp")
  
C:\Users\sebas\Downloads\Github - Grupal\Github - Grupal\Menu\Menu\utilidadesLogos.h(390,58): warning C4566: el carácter representado por el nombre de carácter universal '\u28DC' no se puede representar en la página de códigos actual (1252)
  (compilando archivo de origen "/Menu.cpp")
  
C:\Users\sebas\Downloads\Github - Grupal\Github - Grupal\Menu\Menu\utilidadesLogos.h(390,58): warning C4566: el carácter representado por el nombre de carácter universal '\u28F4' no se puede representar en la página de códigos actual (1252)
  (compilando archivo de origen "/Menu.cpp")
  
C:\Users\sebas\Downloads\Github - Grupal\Github - Grupal\Menu\Menu\utilidadesLogos.h(390,58): warning C4566: el carácter representado por el nombre de carácter universal '\u285F' no se puede representar en la página de códigos actual (1252)
  (compilando archivo de origen "/Menu.cpp")
  
C:\Users\sebas\Downloads\Github - Grupal\Github - Grupal\Menu\Menu\utilidadesLogos.h(390,58): warning C4566: el carácter representado por el nombre de carácter universal '\u2880' no se puede representar en la página de códigos actual (1252)
  (compilando archivo de origen "/Menu.cpp")
  
C:\Users\sebas\Downloads\Github - Grupal\Github - Grupal\Menu\Menu\utilidadesLogos.h(390,58): warning C4566: el carácter representado por el nombre de carácter universal '\u284E' no se puede representar en la página de códigos actual (1252)
  (compilando archivo de origen "/Menu.cpp")
  
C:\Users\sebas\Downloads\Github - Grupal\Github - Grupal\Menu\Menu\utilidadesLogos.h(390,58): warning C4566: el carácter representado por el nombre de carácter universal '\u2848' no se puede representar en la página de códigos actual (1252)
  (compilando archivo de origen "/Menu.cpp")
  
C:\Users\sebas\Downloads\Github - Grupal\Github - Grupal\Menu\Menu\utilidadesLogos.h(390,58): warning C4566: el carácter representado por el nombre de carácter universal '\u28B0' no se puede representar en la página de códigos actual (1252)
  (compilando archivo de origen "/Menu.cpp")
  
C:\Users\sebas\Downloads\Github - Grupal\Github - Grupal\Menu\Menu\utilidadesLogos.h(390,58): warning C4566: el carácter representado por el nombre de carácter universal '\u287F' no se puede representar en la página de códigos actual (1252)
  (compilando archivo de origen "/Menu.cpp")
  
C:\Users\sebas\Downloads\Github - Grupal\Github - Grupal\Menu\Menu\utilidadesLogos.h(390,58): warning C4566: el carácter representado por el nombre de carácter universal '\u28A0' no se puede representar en la página de códigos actual (1252)
  (compilando archivo de origen "/Menu.cpp")
  
C:\Users\sebas\Downloads\Github - Grupal\Github - Grupal\Menu\Menu\utilidadesLogos.h(390,58): warning C4566: el carácter representado por el nombre de carácter universal '\u28F7' no se puede representar en la página de códigos actual (1252)
  (compilando archivo de origen "/Menu.cpp")
  
C:\Users\sebas\Downloads\Github - Grupal\Github - Grupal\Menu\Menu\utilidadesLogos.h(392,58): warning C4566: el carácter representado por el nombre de carácter universal '\u28B8' no se puede representar en la página de códigos actual (1252)
  (compilando archivo de origen "/Menu.cpp")
  
C:\Users\sebas\Downloads\Github - Grupal\Github - Grupal\Menu\Menu\utilidadesLogos.h(392,58): warning C4566: el carácter representado por el nombre de carácter universal '\u28FF' no se puede representar en la página de códigos actual (1252)
  (compilando archivo de origen "/Menu.cpp")
  
C:\Users\sebas\Downloads\Github - Grupal\Github - Grupal\Menu\Menu\utilidadesLogos.h(392,58): warning C4566: el carácter representado por el nombre de carácter universal '\u28C4' no se puede representar en la página de códigos actual (1252)
  (compilando archivo de origen "/Menu.cpp")
  
C:\Users\sebas\Downloads\Github - Grupal\Github - Grupal\Menu\Menu\utilidadesLogos.h(392,58): warning C4566: el carácter representado por el nombre de carácter universal '\u28D2' no se puede representar en la página de códigos actual (1252)
  (compilando archivo de origen "/Menu.cpp")
  
C:\Users\sebas\Downloads\Github - Grupal\Github - Grupal\Menu\Menu\utilidadesLogos.h(392,58): warning C4566: el carácter representado por el nombre de carácter universal '\u2840' no se puede representar en la página de códigos actual (1252)
  (compilando archivo de origen "/Menu.cpp")
  
C:\Users\sebas\Downloads\Github - Grupal\Github - Grupal\Menu\Menu\utilidadesLogos.h(392,58): warning C4566: el carácter representado por el nombre de carácter universal '\u28F7' no se puede representar en la página de códigos actual (1252)
  (compilando archivo de origen "/Menu.cpp")
  
C:\Users\sebas\Downloads\Github - Grupal\Github - Grupal\Menu\Menu\utilidadesLogos.h(392,58): warning C4566: el carácter representado por el nombre de carácter universal '\u287F' no se puede representar en la página de códigos actual (1252)
  (compilando archivo de origen "/Menu.cpp")
  
C:\Users\sebas\Downloads\Github - Grupal\Github - Grupal\Menu\Menu\utilidadesLogos.h(392,58): warning C4566: el carácter representado por el nombre de carácter universal '\u28BF' no se puede representar en la página de códigos actual (1252)
  (compilando archivo de origen "/Menu.cpp")
  
C:\Users\sebas\Downloads\Github - Grupal\Github - Grupal\Menu\Menu\utilidadesLogos.h(392,58): warning C4566: el carácter representado por el nombre de carácter universal '\u2870' no se puede representar en la página de códigos actual (1252)
  (compilando archivo de origen "/Menu.cpp")
  
C:\Users\sebas\Downloads\Github - Grupal\Github - Grupal\Menu\Menu\utilidadesLogos.h(392,58): warning C4566: el carácter representado por el nombre de carácter universal '\u2878' no se puede representar en la página de códigos actual (1252)
  (compilando archivo de origen "/Menu.cpp")
  
C:\Users\sebas\Downloads\Github - Grupal\Github - Grupal\Menu\Menu\utilidadesLogos.h(392,58): warning C4566: el carácter representado por el nombre de carácter universal '\u28EF' no se puede representar en la página de códigos actual (1252)
  (compilando archivo de origen "/Menu.cpp")
  
C:\Users\sebas\Downloads\Github - Grupal\Github - Grupal\Menu\Menu\utilidadesLogos.h(392,58): warning C4566: el carácter representado por el nombre de carácter universal '\u28CF' no se puede representar en la página de códigos actual (1252)
  (compilando archivo de origen "/Menu.cpp")
  
C:\Users\sebas\Downloads\Github - Grupal\Github - Grupal\Menu\Menu\utilidadesLogos.h(392,58): warning C4566: el carácter representado por el nombre de carácter universal '\u2877' no se puede representar en la página de códigos actual (1252)
  (compilando archivo de origen "/Menu.cpp")
  
C:\Users\sebas\Downloads\Github - Grupal\Github - Grupal\Menu\Menu\utilidadesLogos.h(392,58): warning C4566: el carácter representado por el nombre de carácter universal '\u288B' no se puede representar en la página de códigos actual (1252)
  (compilando archivo de origen "/Menu.cpp")
  
C:\Users\sebas\Downloads\Github - Grupal\Github - Grupal\Menu\Menu\utilidadesLogos.h(392,58): warning C4566: el carácter representado por el nombre de carácter universal '\u28FC' no se puede representar en la página de códigos actual (1252)
  (compilando archivo de origen "/Menu.cpp")
  
C:\Users\sebas\Downloads\Github - Grupal\Github - Grupal\Menu\Menu\utilidadesLogos.h(392,58): warning C4566: el carácter representado por el nombre de carácter universal '\u28C1' no se puede representar en la página de códigos actual (1252)
  (compilando archivo de origen "/Menu.cpp")
  
C:\Users\sebas\Downloads\Github - Grupal\Github - Grupal\Menu\Menu\utilidadesLogos.h(392,58): warning C4566: el carácter representado por el nombre de carácter universal '\u2862' no se puede representar en la página de códigos actual (1252)
  (compilando archivo de origen "/Menu.cpp")
  
C:\Users\sebas\Downloads\Github - Grupal\Github - Grupal\Menu\Menu\utilidadesLogos.h(392,58): warning C4566: el carácter representado por el nombre de carácter universal '\u28A0' no se puede representar en la página de códigos actual (1252)
  (compilando archivo de origen "/Menu.cpp")
  
C:\Users\sebas\Downloads\Github - Grupal\Github - Grupal\Menu\Menu\utilidadesLogos.h(392,58): warning C4566: el carácter representado por el nombre de carácter universal '\u281F' no se puede representar en la página de códigos actual (1252)
  (compilando archivo de origen "/Menu.cpp")
  
C:\Users\sebas\Downloads\Github - Grupal\Github - Grupal\Menu\Menu\utilidadesLogos.h(392,58): warning C4566: el carácter representado por el nombre de carácter universal '\u2800' no se puede representar en la página de códigos actual (1252)
  (compilando archivo de origen "/Menu.cpp")
  
C:\Users\sebas\Downloads\Github - Grupal\Github - Grupal\Menu\Menu\utilidadesLogos.h(394,58): warning C4566: el carácter representado por el nombre de carácter universal '\u2800' no se puede representar en la página de códigos actual (1252)
  (compilando archivo de origen "/Menu.cpp")
  
C:\Users\sebas\Downloads\Github - Grupal\Github - Grupal\Menu\Menu\utilidadesLogos.h(394,58): warning C4566: el carácter representado por el nombre de carácter universal '\u2818' no se puede representar en la página de códigos actual (1252)
  (compilando archivo de origen "/Menu.cpp")
  
C:\Users\sebas\Downloads\Github - Grupal\Github - Grupal\Menu\Menu\utilidadesLogos.h(394,58): warning C4566: el carácter representado por el nombre de carácter universal '\u283F' no se puede representar en la página de códigos actual (1252)
  (compilando archivo de origen "/Menu.cpp")
  
C:\Users\sebas\Downloads\Github - Grupal\Github - Grupal\Menu\Menu\utilidadesLogos.h(394,58): warning C4566: el carácter representado por el nombre de carácter universal '\u28FF' no se puede representar en la página de códigos actual (1252)
  (compilando archivo de origen "/Menu.cpp")
  
C:\Users\sebas\Downloads\Github - Grupal\Github - Grupal\Menu\Menu\utilidadesLogos.h(394,58): warning C4566: el carácter representado por el nombre de carácter universal '\u28FD' no se puede representar en la página de códigos actual (1252)
  (compilando archivo de origen "/Menu.cpp")
  
C:\Users\sebas\Downloads\Github - Grupal\Github - Grupal\Menu\Menu\utilidadesLogos.h(394,58): warning C4566: el carácter representado por el nombre de carácter universal '\u28F7' no se puede representar en la página de códigos actual (1252)
  (compilando archivo de origen "/Menu.cpp")
  
C:\Users\sebas\Downloads\Github - Grupal\Github - Grupal\Menu\Menu\utilidadesLogos.h(394,58): warning C4566: el carácter representado por el nombre de carácter universal '\u2876' no se puede representar en la página de códigos actual (1252)
  (compilando archivo de origen "/Menu.cpp")
  
C:\Users\sebas\Downloads\Github - Grupal\Github - Grupal\Menu\Menu\utilidadesLogos.h(394,58): warning C4566: el carácter representado por el nombre de carácter universal '\u283B' no se puede representar en la página de códigos actual (1252)
  (compilando archivo de origen "/Menu.cpp")
  
C:\Users\sebas\Downloads\Github - Grupal\Github - Grupal\Menu\Menu\utilidadesLogos.h(394,58): warning C4566: el carácter representado por el nombre de carácter universal '\u281F' no se puede representar en la página de códigos actual (1252)
  (compilando archivo de origen "/Menu.cpp")
  
C:\Users\sebas\Downloads\Github - Grupal\Github - Grupal\Menu\Menu\utilidadesLogos.h(394,58): warning C4566: el carácter representado por el nombre de carácter universal '\u2801' no se puede representar en la página de códigos actual (1252)
  (compilando archivo de origen "/Menu.cpp")
  
C:\Users\sebas\Downloads\Github - Grupal\Github - Grupal\Menu\Menu\utilidadesLogos.h(396,58): warning C4566: el carácter representado por el nombre de carácter universal '\u2800' no se puede representar en la página de códigos actual (1252)
  (compilando archivo de origen "/Menu.cpp")
  
C:\Users\sebas\Downloads\Github - Grupal\Github - Grupal\Menu\Menu\utilidadesLogos.h(396,58): warning C4566: el carácter representado por el nombre de carácter universal '\u2809' no se puede representar en la página de códigos actual (1252)
  (compilando archivo de origen "/Menu.cpp")
  
C:\Users\sebas\Downloads\Github - Grupal\Github - Grupal\Menu\Menu\utilidadesLogos.h(396,58): warning C4566: el carácter representado por el nombre de carácter universal '\u2819' no se puede representar en la página de códigos actual (1252)
  (compilando archivo de origen "/Menu.cpp")
  
C:\Users\sebas\Downloads\Github - Grupal\Github - Grupal\Menu\Menu\utilidadesLogos.h(396,58): warning C4566: el carácter representado por el nombre de carácter universal '\u283F' no se puede representar en la página de códigos actual (1252)
  (compilando archivo de origen "/Menu.cpp")
  
C:\Users\sebas\Downloads\Github - Grupal\Github - Grupal\Menu\Menu\utilidadesLogos.h(396,58): warning C4566: el carácter representado por el nombre de carácter universal '\u28BF' no se puede representar en la página de códigos actual (1252)
  (compilando archivo de origen "/Menu.cpp")
  
C:\Users\sebas\Downloads\Github - Grupal\Github - Grupal\Menu\Menu\utilidadesLogos.h(396,58): warning C4566: el carácter representado por el nombre de carácter universal '\u28FF' no se puede representar en la página de códigos actual (1252)
  (compilando archivo de origen "/Menu.cpp")
  
C:\Users\sebas\Downloads\Github - Grupal\Github - Grupal\Menu\Menu\utilidadesLogos.h(396,58): warning C4566: el carácter representado por el nombre de carácter universal '\u281F' no se puede representar en la página de códigos actual (1252)
  (compilando archivo de origen "/Menu.cpp")
  
C:\Users\sebas\Downloads\Github - Grupal\Github - Grupal\Menu\Menu\utilidadesLogos.h(396,58): warning C4566: el carácter representado por el nombre de carácter universal '\u2801' no se puede representar en la página de códigos actual (1252)
  (compilando archivo de origen "/Menu.cpp")
  
C:\Users\sebas\Downloads\Github - Grupal\Github - Grupal\Menu\Menu\utilidadesLogos.h(396,58): warning C4566: el carácter representado por el nombre de carácter universal '\u2818' no se puede representar en la página de códigos actual (1252)
  (compilando archivo de origen "/Menu.cpp")
  
C:\Users\sebas\Downloads\Github - Grupal\Github - Grupal\Menu\Menu\utilidadesLogos.h(146,3): warning C4996: '_sleep': This function or variable has been superceded by newer library or operating system functionality. Consider using Sleep instead. See online help for details.
  (compilando archivo de origen "/Menu.cpp")
  
C:\Users\sebas\Downloads\Github - Grupal\Github - Grupal\Menu\Menu\utilidadesLogos.h(148,3): warning C4996: '_sleep': This function or variable has been superceded by newer library or operating system functionality. Consider using Sleep instead. See online help for details.
  (compilando archivo de origen "/Menu.cpp")
  
C:\Users\sebas\Downloads\Github - Grupal\Github - Grupal\Menu\Menu\utilidadesLogos.h(150,3): warning C4996: '_sleep': This function or variable has been superceded by newer library or operating system functionality. Consider using Sleep instead. See online help for details.
  (compilando archivo de origen "/Menu.cpp")
  
C:\Users\sebas\Downloads\Github - Grupal\Github - Grupal\Menu\Menu\utilidadesLogos.h(152,3): warning C4996: '_sleep': This function or variable has been superceded by newer library or operating system functionality. Consider using Sleep instead. See online help for details.
  (compilando archivo de origen "/Menu.cpp")
  
C:\Users\sebas\Downloads\Github - Grupal\Github - Grupal\Menu\Menu\utilidadesLogos.h(154,3): warning C4996: '_sleep': This function or variable has been superceded by newer library or operating system functionality. Consider using Sleep instead. See online help for details.
  (compilando archivo de origen "/Menu.cpp")
  
C:\Users\sebas\Downloads\Github - Grupal\Github - Grupal\Menu\Menu\utilidadesLogos.h(156,3): warning C4996: '_sleep': This function or variable has been superceded by newer library or operating system functionality. Consider using Sleep instead. See online help for details.
  (compilando archivo de origen "/Menu.cpp")
  
C:\Users\sebas\Downloads\Github - Grupal\Github - Grupal\Menu\Menu\utilidadesLogos.h(158,3): warning C4996: '_sleep': This function or variable has been superceded by newer library or operating system functionality. Consider using Sleep instead. See online help for details.
  (compilando archivo de origen "/Menu.cpp")
  
C:\Users\sebas\Downloads\Github - Grupal\Github - Grupal\Menu\Menu\utilidadesLogos.h(160,3): warning C4996: '_sleep': This function or variable has been superceded by newer library or operating system functionality. Consider using Sleep instead. See online help for details.
  (compilando archivo de origen "/Menu.cpp")
  
C:\Users\sebas\Downloads\Github - Grupal\Github - Grupal\Menu\Menu\utilidadesLogos.h(162,3): warning C4996: '_sleep': This function or variable has been superceded by newer library or operating system functionality. Consider using Sleep instead. See online help for details.
  (compilando archivo de origen "/Menu.cpp")
  
C:\Users\sebas\Downloads\Github - Grupal\Github - Grupal\Menu\Menu\utilidadesLogos.h(164,3): warning C4996: '_sleep': This function or variable has been superceded by newer library or operating system functionality. Consider using Sleep instead. See online help for details.
  (compilando archivo de origen "/Menu.cpp")
  
C:\Users\sebas\Downloads\Github - Grupal\Github - Grupal\Menu\Menu\utilidadesLogos.h(166,3): warning C4996: '_sleep': This function or variable has been superceded by newer library or operating system functionality. Consider using Sleep instead. See online help for details.
  (compilando archivo de origen "/Menu.cpp")
  
C:\Users\sebas\Downloads\Github - Grupal\Github - Grupal\Menu\Menu\utilidadesLogos.h(168,3): warning C4996: '_sleep': This function or variable has been superceded by newer library or operating system functionality. Consider using Sleep instead. See online help for details.
  (compilando archivo de origen "/Menu.cpp")
  
C:\Users\sebas\Downloads\Github - Grupal\Github - Grupal\Menu\Menu\utilidadesLogos.h(170,3): warning C4996: '_sleep': This function or variable has been superceded by newer library or operating system functionality. Consider using Sleep instead. See online help for details.
  (compilando archivo de origen "/Menu.cpp")
  
C:\Users\sebas\Downloads\Github - Grupal\Github - Grupal\Menu\Menu\utilidadesLogos.h(172,3): warning C4996: '_sleep': This function or variable has been superceded by newer library or operating system functionality. Consider using Sleep instead. See online help for details.
  (compilando archivo de origen "/Menu.cpp")
  
C:\Users\sebas\Downloads\Github - Grupal\Github - Grupal\Menu\Menu\utilidadesLogos.h(174,3): warning C4996: '_sleep': This function or variable has been superceded by newer library or operating system functionality. Consider using Sleep instead. See online help for details.
  (compilando archivo de origen "/Menu.cpp")
  
C:\Users\sebas\Downloads\Github - Grupal\Github - Grupal\Menu\Menu\utilidadesLogos.h(176,3): warning C4996: '_sleep': This function or variable has been superceded by newer library or operating system functionality. Consider using Sleep instead. See online help for details.
  (compilando archivo de origen "/Menu.cpp")
  
C:\Users\sebas\Downloads\Github - Grupal\Github - Grupal\Menu\Menu\utilidadesLogos.h(178,3): warning C4996: '_sleep': This function or variable has been superceded by newer library or operating system functionality. Consider using Sleep instead. See online help for details.
  (compilando archivo de origen "/Menu.cpp")
  
C:\Users\sebas\Downloads\Github - Grupal\Github - Grupal\Menu\Menu\utilidadesLogos.h(180,3): warning C4996: '_sleep': This function or variable has been superceded by newer library or operating system functionality. Consider using Sleep instead. See online help for details.
  (compilando archivo de origen "/Menu.cpp")
  
C:\Users\sebas\Downloads\Github - Grupal\Github - Grupal\Menu\Menu\utilidadesLogos.h(183,3): warning C4996: '_sleep': This function or variable has been superceded by newer library or operating system functionality. Consider using Sleep instead. See online help for details.
  (compilando archivo de origen "/Menu.cpp")
  
C:\Users\sebas\Downloads\Github - Grupal\Github - Grupal\Menu\Menu\utilidadesLogos.h(188,3): warning C4996: '_sleep': This function or variable has been superceded by newer library or operating system functionality. Consider using Sleep instead. See online help for details.
  (compilando archivo de origen "/Menu.cpp")
  
C:\Users\sebas\Downloads\Github - Grupal\Github - Grupal\Menu\Menu\utilidadesLogos.h(190,3): warning C4996: '_sleep': This function or variable has been superceded by newer library or operating system functionality. Consider using Sleep instead. See online help for details.
  (compilando archivo de origen "/Menu.cpp")
  
C:\Users\sebas\Downloads\Github - Grupal\Github - Grupal\Menu\Menu\utilidadesLogos.h(192,3): warning C4996: '_sleep': This function or variable has been superceded by newer library or operating system functionality. Consider using Sleep instead. See online help for details.
  (compilando archivo de origen "/Menu.cpp")
  
C:\Users\sebas\Downloads\Github - Grupal\Github - Grupal\Menu\Menu\utilidadesLogos.h(194,3): warning C4996: '_sleep': This function or variable has been superceded by newer library or operating system functionality. Consider using Sleep instead. See online help for details.
  (compilando archivo de origen "/Menu.cpp")
  
C:\Users\sebas\Downloads\Github - Grupal\Github - Grupal\Menu\Menu\utilidadesLogos.h(196,3): warning C4996: '_sleep': This function or variable has been superceded by newer library or operating system functionality. Consider using Sleep instead. See online help for details.
  (compilando archivo de origen "/Menu.cpp")
  
C:\Users\sebas\Downloads\Github - Grupal\Github - Grupal\Menu\Menu\utilidadesLogos.h(198,3): warning C4996: '_sleep': This function or variable has been superceded by newer library or operating system functionality. Consider using Sleep instead. See online help for details.
  (compilando archivo de origen "/Menu.cpp")
  
C:\Users\sebas\Downloads\Github - Grupal\Github - Grupal\Menu\Menu\utilidadesLogos.h(200,3): warning C4996: '_sleep': This function or variable has been superceded by newer library or operating system functionality. Consider using Sleep instead. See online help for details.
  (compilando archivo de origen "/Menu.cpp")
  
C:\Users\sebas\Downloads\Github - Grupal\Github - Grupal\Menu\Menu\utilidadesLogos.h(202,3): warning C4996: '_sleep': This function or variable has been superceded by newer library or operating system functionality. Consider using Sleep instead. See online help for details.
  (compilando archivo de origen "/Menu.cpp")
  
C:\Users\sebas\Downloads\Github - Grupal\Github - Grupal\Menu\Menu\utilidadesLogos.h(204,3): warning C4996: '_sleep': This function or variable has been superceded by newer library or operating system functionality. Consider using Sleep instead. See online help for details.
  (compilando archivo de origen "/Menu.cpp")
  
C:\Users\sebas\Downloads\Github - Grupal\Github - Grupal\Menu\Menu\utilidadesLogos.h(206,3): warning C4996: '_sleep': This function or variable has been superceded by newer library or operating system functionality. Consider using Sleep instead. See online help for details.
  (compilando archivo de origen "/Menu.cpp")
  
C:\Users\sebas\Downloads\Github - Grupal\Github - Grupal\Menu\Menu\utilidadesLogos.h(208,3): warning C4996: '_sleep': This function or variable has been superceded by newer library or operating system functionality. Consider using Sleep instead. See online help for details.
  (compilando archivo de origen "/Menu.cpp")
  
C:\Users\sebas\Downloads\Github - Grupal\Github - Grupal\Menu\Menu\utilidadesLogos.h(210,3): warning C4996: '_sleep': This function or variable has been superceded by newer library or operating system functionality. Consider using Sleep instead. See online help for details.
  (compilando archivo de origen "/Menu.cpp")
  
C:\Users\sebas\Downloads\Github - Grupal\Github - Grupal\Menu\Menu\utilidadesLogos.h(212,3): warning C4996: '_sleep': This function or variable has been superceded by newer library or operating system functionality. Consider using Sleep instead. See online help for details.
  (compilando archivo de origen "/Menu.cpp")
  
C:\Users\sebas\Downloads\Github - Grupal\Github - Grupal\Menu\Menu\utilidadesLogos.h(214,3): warning C4996: '_sleep': This function or variable has been superceded by newer library or operating system functionality. Consider using Sleep instead. See online help for details.
  (compilando archivo de origen "/Menu.cpp")
  
C:\Users\sebas\Downloads\Github - Grupal\Github - Grupal\Menu\Menu\utilidadesLogos.h(216,3): warning C4996: '_sleep': This function or variable has been superceded by newer library or operating system functionality. Consider using Sleep instead. See online help for details.
  (compilando archivo de origen "/Menu.cpp")
  
C:\Users\sebas\Downloads\Github - Grupal\Github - Grupal\Menu\Menu\utilidadesLogos.h(222,3): warning C4996: '_sleep': This function or variable has been superceded by newer library or operating system functionality. Consider using Sleep instead. See online help for details.
  (compilando archivo de origen "/Menu.cpp")
  
C:\Users\sebas\Downloads\Github - Grupal\Github - Grupal\Menu\Menu\utilidadesLogos.h(230,3): warning C4996: '_sleep': This function or variable has been superceded by newer library or operating system functionality. Consider using Sleep instead. See online help for details.
  (compilando archivo de origen "/Menu.cpp")
  
C:\Users\sebas\Downloads\Github - Grupal\Github - Grupal\Menu\Menu\utilidadesLogos.h(232,3): warning C4996: '_sleep': This function or variable has been superceded by newer library or operating system functionality. Consider using Sleep instead. See online help for details.
  (compilando archivo de origen "/Menu.cpp")
  
C:\Users\sebas\Downloads\Github - Grupal\Github - Grupal\Menu\Menu\utilidadesLogos.h(234,3): warning C4996: '_sleep': This function or variable has been superceded by newer library or operating system functionality. Consider using Sleep instead. See online help for details.
  (compilando archivo de origen "/Menu.cpp")
  
C:\Users\sebas\Downloads\Github - Grupal\Github - Grupal\Menu\Menu\utilidadesLogos.h(236,3): warning C4996: '_sleep': This function or variable has been superceded by newer library or operating system functionality. Consider using Sleep instead. See online help for details.
  (compilando archivo de origen "/Menu.cpp")
  
C:\Users\sebas\Downloads\Github - Grupal\Github - Grupal\Menu\Menu\utilidadesLogos.h(238,3): warning C4996: '_sleep': This function or variable has been superceded by newer library or operating system functionality. Consider using Sleep instead. See online help for details.
  (compilando archivo de origen "/Menu.cpp")
  
C:\Users\sebas\Downloads\Github - Grupal\Github - Grupal\Menu\Menu\utilidadesLogos.h(240,3): warning C4996: '_sleep': This function or variable has been superceded by newer library or operating system functionality. Consider using Sleep instead. See online help for details.
  (compilando archivo de origen "/Menu.cpp")
  
C:\Users\sebas\Downloads\Github - Grupal\Github - Grupal\Menu\Menu\utilidadesLogos.h(242,3): warning C4996: '_sleep': This function or variable has been superceded by newer library or operating system functionality. Consider using Sleep instead. See online help for details.
  (compilando archivo de origen "/Menu.cpp")
  
C:\Users\sebas\Downloads\Github - Grupal\Github - Grupal\Menu\Menu\utilidadesLogos.h(244,3): warning C4996: '_sleep': This function or variable has been superceded by newer library or operating system functionality. Consider using Sleep instead. See online help for details.
  (compilando archivo de origen "/Menu.cpp")
  
C:\Users\sebas\Downloads\Github - Grupal\Github - Grupal\Menu\Menu\utilidadesLogos.h(246,3): warning C4996: '_sleep': This function or variable has been superceded by newer library or operating system functionality. Consider using Sleep instead. See online help for details.
  (compilando archivo de origen "/Menu.cpp")
  
C:\Users\sebas\Downloads\Github - Grupal\Github - Grupal\Menu\Menu\utilidadesLogos.h(248,3): warning C4996: '_sleep': This function or variable has been superceded by newer library or operating system functionality. Consider using Sleep instead. See online help for details.
  (compilando archivo de origen "/Menu.cpp")
  
C:\Users\sebas\Downloads\Github - Grupal\Github - Grupal\Menu\Menu\utilidadesLogos.h(250,3): warning C4996: '_sleep': This function or variable has been superceded by newer library or operating system functionality. Consider using Sleep instead. See online help for details.
  (compilando archivo de origen "/Menu.cpp")
  
C:\Users\sebas\Downloads\Github - Grupal\Github - Grupal\Menu\Menu\utilidadesLogos.h(252,3): warning C4996: '_sleep': This function or variable has been superceded by newer library or operating system functionality. Consider using Sleep instead. See online help for details.
  (compilando archivo de origen "/Menu.cpp")
  
C:\Users\sebas\Downloads\Github - Grupal\Github - Grupal\Menu\Menu\utilidadesLogos.h(254,3): warning C4996: '_sleep': This function or variable has been superceded by newer library or operating system functionality. Consider using Sleep instead. See online help for details.
  (compilando archivo de origen "/Menu.cpp")
  
C:\Users\sebas\Downloads\Github - Grupal\Github - Grupal\Menu\Menu\utilidadesLogos.h(256,3): warning C4996: '_sleep': This function or variable has been superceded by newer library or operating system functionality. Consider using Sleep instead. See online help for details.
  (compilando archivo de origen "/Menu.cpp")
  
C:\Users\sebas\Downloads\Github - Grupal\Github - Grupal\Menu\Menu\utilidadesLogos.h(258,3): warning C4996: '_sleep': This function or variable has been superceded by newer library or operating system functionality. Consider using Sleep instead. See online help for details.
  (compilando archivo de origen "/Menu.cpp")
  
C:\Users\sebas\Downloads\Github - Grupal\Github - Grupal\Menu\Menu\utilidadesLogos.h(260,3): warning C4996: '_sleep': This function or variable has been superceded by newer library or operating system functionality. Consider using Sleep instead. See online help for details.
  (compilando archivo de origen "/Menu.cpp")
  
C:\Users\sebas\Downloads\Github - Grupal\Github - Grupal\Menu\Menu\utilidadesLogos.h(262,3): warning C4996: '_sleep': This function or variable has been superceded by newer library or operating system functionality. Consider using Sleep instead. See online help for details.
  (compilando archivo de origen "/Menu.cpp")
  
C:\Users\sebas\Downloads\Github - Grupal\Github - Grupal\Menu\Menu\utilidadesLogos.h(264,3): warning C4996: '_sleep': This function or variable has been superceded by newer library or operating system functionality. Consider using Sleep instead. See online help for details.
  (compilando archivo de origen "/Menu.cpp")
  
C:\Users\sebas\Downloads\Github - Grupal\Github - Grupal\Menu\Menu\utilidadesLogos.h(266,3): warning C4996: '_sleep': This function or variable has been superceded by newer library or operating system functionality. Consider using Sleep instead. See online help for details.
  (compilando archivo de origen "/Menu.cpp")
  
C:\Users\sebas\Downloads\Github - Grupal\Github - Grupal\Menu\Menu\utilidadesLogos.h(268,3): warning C4996: '_sleep': This function or variable has been superceded by newer library or operating system functionality. Consider using Sleep instead. See online help for details.
  (compilando archivo de origen "/Menu.cpp")
  
C:\Users\sebas\Downloads\Github - Grupal\Github - Grupal\Menu\Menu\utilidadesLogos.h(270,3): warning C4996: '_sleep': This function or variable has been superceded by newer library or operating system functionality. Consider using Sleep instead. See online help for details.
  (compilando archivo de origen "/Menu.cpp")
  
C:\Users\sebas\Downloads\Github - Grupal\Github - Grupal\Menu\Menu\utilidadesLogos.h(272,3): warning C4996: '_sleep': This function or variable has been superceded by newer library or operating system functionality. Consider using Sleep instead. See online help for details.
  (compilando archivo de origen "/Menu.cpp")
  
C:\Users\sebas\Downloads\Github - Grupal\Github - Grupal\Menu\Menu\utilidadesLogos.h(274,3): warning C4996: '_sleep': This function or variable has been superceded by newer library or operating system functionality. Consider using Sleep instead. See online help for details.
  (compilando archivo de origen "/Menu.cpp")
  
C:\Users\sebas\Downloads\Github - Grupal\Github - Grupal\Menu\Menu\utilidadesLogos.h(276,3): warning C4996: '_sleep': This function or variable has been superceded by newer library or operating system functionality. Consider using Sleep instead. See online help for details.
  (compilando archivo de origen "/Menu.cpp")
  
C:\Users\sebas\Downloads\Github - Grupal\Github - Grupal\Menu\Menu\utilidadesLogos.h(278,3): warning C4996: '_sleep': This function or variable has been superceded by newer library or operating system functionality. Consider using Sleep instead. See online help for details.
  (compilando archivo de origen "/Menu.cpp")
  
C:\Users\sebas\Downloads\Github - Grupal\Github - Grupal\Menu\Menu\utilidadesLogos.h(280,3): warning C4996: '_sleep': This function or variable has been superceded by newer library or operating system functionality. Consider using Sleep instead. See online help for details.
  (compilando archivo de origen "/Menu.cpp")
  
C:\Users\sebas\Downloads\Github - Grupal\Github - Grupal\Menu\Menu\utilidadesLogos.h(316,3): warning C4996: '_sleep': This function or variable has been superceded by newer library or operating system functionality. Consider using Sleep instead. See online help for details.
  (compilando archivo de origen "/Menu.cpp")
  
C:\Users\sebas\Downloads\Github - Grupal\Github - Grupal\Menu\Menu\utilidadesLogos.h(350,3): warning C4996: '_sleep': This function or variable has been superceded by newer library or operating system functionality. Consider using Sleep instead. See online help for details.
  (compilando archivo de origen "/Menu.cpp")
  
C:\Users\sebas\Downloads\Github - Grupal\Github - Grupal\Menu\Menu\utilidadesLogos.h(360,3): warning C4996: '_sleep': This function or variable has been superceded by newer library or operating system functionality. Consider using Sleep instead. See online help for details.
  (compilando archivo de origen "/Menu.cpp")
  
C:\Users\sebas\Downloads\Github - Grupal\Github - Grupal\Menu\Menu\utilidadesLogos.h(400,3): warning C4996: '_sleep': This function or variable has been superceded by newer library or operating system functionality. Consider using Sleep instead. See online help for details.
  (compilando archivo de origen "/Menu.cpp")
  
C:\Users\sebas\Downloads\Github - Grupal\Github - Grupal\Menu\Menu\ReproducirPlaylist.h(78,17): warning C4566: el carácter representado por el nombre de carácter universal '\u2190' no se puede representar en la página de códigos actual (1252)
  (compilando archivo de origen "/Menu.cpp")
  
C:\Users\sebas\Downloads\Github - Grupal\Github - Grupal\Menu\Menu\ReproducirPlaylist.h(78,17): warning C4566: el carácter representado por el nombre de carácter universal '\u2192' no se puede representar en la página de códigos actual (1252)
  (compilando archivo de origen "/Menu.cpp")
  
C:\Users\sebas\Downloads\Github - Grupal\Github - Grupal\Menu\Menu\ReproducirPlaylist.h(84,13): warning C4996: '_sleep': This function or variable has been superceded by newer library or operating system functionality. Consider using Sleep instead. See online help for details.
  (compilando archivo de origen "/Menu.cpp")
  
C:\Users\sebas\Downloads\Github - Grupal\Github - Grupal\Menu\Menu\ReproducirPlaylist.h(86,13): warning C4996: '_sleep': This function or variable has been superceded by newer library or operating system functionality. Consider using Sleep instead. See online help for details.
  (compilando archivo de origen "/Menu.cpp")
  
C:\Users\sebas\Downloads\Github - Grupal\Github - Grupal\Menu\Menu\ReproducirPlaylist.h(88,13): warning C4996: '_sleep': This function or variable has been superceded by newer library or operating system functionality. Consider using Sleep instead. See online help for details.
  (compilando archivo de origen "/Menu.cpp")
  
C:\Users\sebas\Downloads\Github - Grupal\Github - Grupal\Menu\Menu\ReproducirPlaylist.h(90,13): warning C4996: '_sleep': This function or variable has been superceded by newer library or operating system functionality. Consider using Sleep instead. See online help for details.
  (compilando archivo de origen "/Menu.cpp")
  
C:\Users\sebas\Downloads\Github - Grupal\Github - Grupal\Menu\Menu\ReproducirPlaylist.h(92,13): warning C4996: '_sleep': This function or variable has been superceded by newer library or operating system functionality. Consider using Sleep instead. See online help for details.
  (compilando archivo de origen "/Menu.cpp")
  
C:\Users\sebas\Downloads\Github - Grupal\Github - Grupal\Menu\Menu\ReproducirPlaylist.h(94,13): warning C4996: '_sleep': This function or variable has been superceded by newer library or operating system functionality. Consider using Sleep instead. See online help for details.
  (compilando archivo de origen "/Menu.cpp")
  
C:\Users\sebas\Downloads\Github - Grupal\Github - Grupal\Menu\Menu\ListaDeCanciones.h(143,1): warning C4715: 'ListaCanciones::getAutorXIndex': no todas las rutas de acceso de control devuelven un valor
C:\Users\sebas\Downloads\Github - Grupal\Github - Grupal\Menu\Menu\ListaDeCanciones.h(174,1): warning C4715: 'ListaCanciones::getCancionXIndex': no todas las rutas de acceso de control devuelven un valor
  AssemblyInfo.obj : se encontró un módulo MSIL; vinculación incremental deshabilitada para MSIL; ejecutando vínculo completo
  Menu.vcxproj -> C:\Users\sebas\Downloads\Github - Grupal\Github - Grupal\Menu\x64\Debug\Menu.exe
